<?xml version="1.0" encoding="UTF-8"?>
<coverage generated="1687254752207" clover="3.2.0">
  <project timestamp="1687254752207" name="All files">
    <metrics statements="18" coveredstatements="18" conditionals="4" coveredconditionals="4" methods="8" coveredmethods="8" elements="30" coveredelements="30" complexity="0" loc="18" ncloc="18" packages="1" files="2" classes="2"/>
    <file name="AccountStatement.js" path="/Users/Verity/Projects/week_10/bank_tech_test/AccountStatement.js">
      <metrics statements="9" coveredstatements="9" conditionals="4" coveredconditionals="4" methods="3" coveredmethods="3"/>
      <line num="3" count="2" type="stmt"/>
      <line num="7" count="2" type="stmt"/>
      <line num="8" count="2" type="stmt"/>
      <line num="10" count="4" type="cond" truecount="2" falsecount="0"/>
      <line num="14" count="4" type="cond" truecount="2" falsecount="0"/>
      <line num="17" count="4" type="stmt"/>
      <line num="18" count="4" type="stmt"/>
      <line num="21" count="4" type="stmt"/>
      <line num="26" count="2" type="stmt"/>
    </file>
    <file name="AccountTransaction.js" path="/Users/Verity/Projects/week_10/bank_tech_test/AccountTransaction.js">
      <metrics statements="9" coveredstatements="9" conditionals="0" coveredconditionals="0" methods="5" coveredmethods="5"/>
      <line num="3" count="6" type="stmt"/>
      <line num="7" count="8" type="stmt"/>
      <line num="9" count="8" type="stmt"/>
      <line num="10" count="4" type="stmt"/>
      <line num="12" count="8" type="stmt"/>
      <line num="16" count="7" type="stmt"/>
      <line num="25" count="1" type="stmt"/>
      <line num="34" count="6" type="stmt"/>
      <line num="38" count="2" type="stmt"/>
    </file>
  </project>
</coverage>
