{"/Users/Verity/Projects/week_10/bank_tech_test/AccountStatement.js": {"path":"/Users/Verity/Projects/week_10/bank_tech_test/AccountStatement.js","statementMap":{"0":{"start":{"line":3,"column":4},"end":{"line":3,"column":37}},"1":{"start":{"line":7,"column":4},"end":{"line":7,"column":54}},"2":{"start":{"line":8,"column":4},"end":{"line":22,"column":7}},"3":{"start":{"line":10,"column":8},"end":{"line":12,"column":14}},"4":{"start":{"line":14,"column":8},"end":{"line":16,"column":14}},"5":{"start":{"line":17,"column":31},"end":{"line":17,"column":61}},"6":{"start":{"line":18,"column":6},"end":{"line":20,"column":8}},"7":{"start":{"line":21,"column":6},"end":{"line":21,"column":101}},"8":{"start":{"line":26,"column":0},"end":{"line":26,"column":34}}},"fnMap":{"0":{"name":"(anonymous_0)","decl":{"start":{"line":2,"column":2},"end":{"line":2,"column":3}},"loc":{"start":{"line":2,"column":28},"end":{"line":4,"column":3}},"line":2},"1":{"name":"(anonymous_1)","decl":{"start":{"line":6,"column":2},"end":{"line":6,"column":3}},"loc":{"start":{"line":6,"column":18},"end":{"line":23,"column":3}},"line":6},"2":{"name":"(anonymous_2)","decl":{"start":{"line":8,"column":43},"end":{"line":8,"column":44}},"loc":{"start":{"line":8,"column":60},"end":{"line":22,"column":5}},"line":8}},"branchMap":{"0":{"loc":{"start":{"line":10,"column":8},"end":{"line":12,"column":14}},"type":"cond-expr","locations":[{"start":{"line":11,"column":12},"end":{"line":11,"column":41}},{"start":{"line":12,"column":12},"end":{"line":12,"column":14}}],"line":10},"1":{"loc":{"start":{"line":14,"column":8},"end":{"line":16,"column":14}},"type":"cond-expr","locations":[{"start":{"line":15,"column":12},"end":{"line":15,"column":40}},{"start":{"line":16,"column":12},"end":{"line":16,"column":14}}],"line":14}},"s":{"0":2,"1":2,"2":2,"3":4,"4":4,"5":4,"6":4,"7":4,"8":2},"f":{"0":2,"1":2,"2":4},"b":{"0":[3,1],"1":[1,3]},"_coverageSchema":"1a1c01bbd47fc00a2c39e90264f33305004495a9","hash":"0e5df00aeb70997ac7aef60877f6e6666ba961ee"}
,"/Users/Verity/Projects/week_10/bank_tech_test/AccountTransaction.js": {"path":"/Users/Verity/Projects/week_10/bank_tech_test/AccountTransaction.js","statementMap":{"0":{"start":{"line":3,"column":4},"end":{"line":3,"column":27}},"1":{"start":{"line":7,"column":14},"end":{"line":7,"column":15}},"2":{"start":{"line":9,"column":4},"end":{"line":11,"column":5}},"3":{"start":{"line":9,"column":17},"end":{"line":9,"column":18}},"4":{"start":{"line":10,"column":6},"end":{"line":10,"column":70}},"5":{"start":{"line":12,"column":4},"end":{"line":12,"column":15}},"6":{"start":{"line":16,"column":4},"end":{"line":21,"column":7}},"7":{"start":{"line":25,"column":4},"end":{"line":30,"column":7}},"8":{"start":{"line":34,"column":4},"end":{"line":34,"column":29}},"9":{"start":{"line":38,"column":0},"end":{"line":38,"column":36}}},"fnMap":{"0":{"name":"(anonymous_0)","decl":{"start":{"line":2,"column":2},"end":{"line":2,"column":3}},"loc":{"start":{"line":2,"column":16},"end":{"line":4,"column":3}},"line":2},"1":{"name":"(anonymous_1)","decl":{"start":{"line":6,"column":2},"end":{"line":6,"column":3}},"loc":{"start":{"line":6,"column":21},"end":{"line":13,"column":3}},"line":6},"2":{"name":"(anonymous_2)","decl":{"start":{"line":15,"column":2},"end":{"line":15,"column":3}},"loc":{"start":{"line":15,"column":29},"end":{"line":22,"column":3}},"line":15},"3":{"name":"(anonymous_3)","decl":{"start":{"line":24,"column":2},"end":{"line":24,"column":3}},"loc":{"start":{"line":24,"column":30},"end":{"line":31,"column":3}},"line":24},"4":{"name":"(anonymous_4)","decl":{"start":{"line":33,"column":2},"end":{"line":33,"column":3}},"loc":{"start":{"line":33,"column":21},"end":{"line":35,"column":3}},"line":33}},"branchMap":{},"s":{"0":6,"1":8,"2":8,"3":8,"4":4,"5":8,"6":7,"7":1,"8":6,"9":2},"f":{"0":6,"1":8,"2":7,"3":1,"4":6},"b":{},"_coverageSchema":"1a1c01bbd47fc00a2c39e90264f33305004495a9","hash":"dcbc2be3ea88b96b4605cd2ed033a77034206eee"}
}
