TN:
SF:AccountStatement.js
FN:2,(anonymous_0)
FN:6,(anonymous_1)
FN:10,(anonymous_2)
FN:14,(anonymous_3)
FN:15,(anonymous_4)
FN:25,(anonymous_5)
FNF:6
FNH:6
FNDA:4,(anonymous_0)
FNDA:8,(anonymous_1)
FNDA:8,(anonymous_2)
FNDA:4,(anonymous_3)
FNDA:8,(anonymous_4)
FNDA:2,(anonymous_5)
DA:3,4
DA:7,8
DA:11,8
DA:15,4
DA:16,8
DA:17,8
DA:18,8
DA:19,8
DA:21,8
DA:26,2
DA:27,2
DA:31,2
LF:12
LH:12
BRDA:7,0,0,6
BRDA:7,0,1,2
BRDA:11,1,0,2
BRDA:11,1,1,6
BRF:4
BRH:4
end_of_record
TN:
SF:AccountTransaction.js
FN:2,(anonymous_0)
FN:7,(anonymous_1)
FN:17,(anonymous_2)
FN:34,(anonymous_3)
FN:45,(anonymous_4)
FN:53,(anonymous_5)
FNF:6
FNH:6
FNDA:10,(anonymous_0)
FNDA:11,(anonymous_1)
FNDA:12,(anonymous_2)
FNDA:2,(anonymous_3)
FNDA:2,(anonymous_4)
FNDA:11,(anonymous_5)
DA:3,10
DA:4,10
DA:8,11
DA:10,11
DA:11,5
DA:14,11
DA:18,12
DA:20,12
DA:21,3
DA:24,9
DA:31,9
DA:35,2
DA:42,2
DA:46,2
DA:47,1
DA:49,1
DA:54,11
DA:55,11
DA:59,2
LF:19
LH:19
BRDA:20,0,0,3
BRDA:20,0,1,9
BRDA:20,1,0,12
BRDA:20,1,1,10
BRDA:46,2,0,1
BRDA:46,2,1,1
BRF:6
BRH:6
end_of_record
