TN:
SF:AccountStatement.js
FN:2,(anonymous_0)
FN:6,(anonymous_1)
FN:8,(anonymous_2)
FN:25,(anonymous_3)
FNF:4
FNH:4
FNDA:2,(anonymous_0)
FNDA:2,(anonymous_1)
FNDA:4,(anonymous_2)
FNDA:2,(anonymous_3)
DA:3,2
DA:8,2
DA:10,4
DA:14,4
DA:17,4
DA:18,4
DA:19,4
DA:20,4
DA:27,2
DA:28,2
DA:32,2
LF:11
LH:11
BRDA:10,0,0,3
BRDA:10,0,1,1
BRDA:14,1,0,1
BRDA:14,1,1,3
BRF:4
BRH:4
end_of_record
TN:
SF:AccountTransaction.js
FN:2,(anonymous_0)
FN:7,(anonymous_1)
FN:16,(anonymous_2)
FN:26,(anonymous_3)
FN:38,(anonymous_4)
FNF:5
FNH:5
FNDA:5,(anonymous_0)
FNDA:8,(anonymous_1)
FNDA:7,(anonymous_2)
FNDA:1,(anonymous_3)
FNDA:8,(anonymous_4)
DA:3,5
DA:4,5
DA:8,8
DA:10,8
DA:11,4
DA:13,8
DA:17,7
DA:23,7
DA:27,1
DA:34,1
DA:39,8
DA:40,8
DA:44,2
LF:13
LH:13
BRF:0
BRH:0
end_of_record
